<?xml version="1.0" encoding="UTF-8"?>
<!-- Generated by org.testng.reporters.JUnitReportReporter -->
<testsuite hostname="PAVAN09FA" failures="0" tests="4" name="api.test.UserTests" time="9.433" errors="0" timestamp="2022-08-16T08:14:16 IST" skipped="0">
  <testcase classname="api.test.UserTests" name="testPostUser" time="4.418"/>
  <system-out/>
  <testcase classname="api.test.UserTests" name="testGetUserByName" time="1.313"/>
  <system-out/>
  <testcase classname="api.test.UserTests" name="testUpdateUserByName" time="2.506"/>
  <system-out/>
  <testcase classname="api.test.UserTests" name="testDeleteUserByName" time="1.196"/>
  <system-out/>
</testsuite> <!-- api.test.UserTests -->
