<?xml version="1.0" encoding="UTF-8"?>
<!-- Generated by org.testng.reporters.JUnitReportReporter -->
<testsuite hostname="PAVAN09FA" failures="0" tests="4" name="api.test.UserTests2" time="10.169" errors="0" timestamp="2022-08-17T06:55:42 IST" skipped="0">
  <testcase classname="api.test.UserTests2" name="testPostUser" time="5.039"/>
  <system-out/>
  <testcase classname="api.test.UserTests2" name="testGetUserByName" time="1.312"/>
  <system-out/>
  <testcase classname="api.test.UserTests2" name="testUpdateUserByName" time="2.547"/>
  <system-out/>
  <testcase classname="api.test.UserTests2" name="testDeleteUserByName" time="1.271"/>
  <system-out/>
</testsuite> <!-- api.test.UserTests2 -->
