<?xml version="1.0" encoding="UTF-8"?>
<!-- Generated by org.testng.reporters.JUnitReportReporter -->
<testsuite hostname="PAVAN09FA" failures="0" tests="6" name="api.test.DDTests" time="10.858" errors="0" timestamp="2022-08-16T07:42:34 IST" skipped="0">
  <testcase classname="api.test.DDTests" name="testPostuser" time="1.247"/>
  <system-out/>
  <testcase classname="api.test.DDTests" name="testPostuser" time="1.287"/>
  <system-out/>
  <testcase classname="api.test.DDTests" name="testPostuser" time="4.513"/>
  <system-out/>
  <testcase classname="api.test.DDTests" name="testDeleteUserByName" time="1.320"/>
  <system-out/>
  <testcase classname="api.test.DDTests" name="testDeleteUserByName" time="1.230"/>
  <system-out/>
  <testcase classname="api.test.DDTests" name="testDeleteUserByName" time="1.261"/>
  <system-out/>
</testsuite> <!-- api.test.DDTests -->
