<?xml version="1.0" encoding="UTF-8"?>
<!-- Generated by org.testng.reporters.JUnitReportReporter -->
<testsuite hostname="PAVAN09FA" failures="0" tests="4" name="api.test.UserTests2" time="9.966" errors="0" timestamp="2022-08-18T06:46:55 IST" skipped="0">
  <testcase classname="api.test.UserTests2" name="testPostUser" time="4.792"/>
  <system-out/>
  <testcase classname="api.test.UserTests2" name="testGetUserByName" time="1.377"/>
  <system-out/>
  <testcase classname="api.test.UserTests2" name="testUpdateUserByName" time="2.537"/>
  <system-out/>
  <testcase classname="api.test.UserTests2" name="testDeleteUserByName" time="1.260"/>
  <system-out/>
</testsuite> <!-- api.test.UserTests2 -->
